# JRE version: OpenJDK Runtime Environment (11.0.15) (build 11.0.15+0-b2043.56-9505619)
# Java VM: OpenJDK 64-Bit Server VM (11.0.15+0-b2043.56-9505619, mixed mode, tiered, compressed oops, g1 gc, windows-amd64)
Heap:
 garbage-first heap   total 131072K, used 59821K [0x0000000080000000, 0x0000000100000000)
  region size 1024K, 16 young (16384K), 8 survivors (8192K)
 Metaspace       used 31203K, capacity 32173K, committed 32380K, reserved 1077248K
  class space    used 4167K, capacity 4536K, committed 4556K, reserved 1048576K
GC Heap History (12 events):
Event: 0.847 GC heap before
{Heap before GC invocations=0 (full 0):
 garbage-first heap   total 131072K, used 16384K [0x0000000080000000, 0x0000000100000000)
  region size 1024K, 14 young (14336K), 0 survivors (0K)
 Metaspace       used 6757K, capacity 6993K, committed 7168K, reserved 1056768K
  class space    used 571K, capacity 650K, committed 768K, reserved 1048576K
}
Event: 0.854 GC heap after
{Heap after GC invocations=1 (full 0):
 garbage-first heap   total 131072K, used 3890K [0x0000000080000000, 0x0000000100000000)
  region size 1024K, 2 young (2048K), 2 survivors (2048K)
 Metaspace       used 6757K, capacity 6993K, committed 7168K, reserved 1056768K
  class space    used 571K, capacity 650K, committed 768K, reserved 1048576K
}
Event: 2.332 GC heap before
{Heap before GC invocations=1 (full 0):
 garbage-first heap   total 131072K, used 57138K [0x0000000080000000, 0x0000000100000000)
  region size 1024K, 51 young (52224K), 2 survivors (2048K)
 Metaspace       used 11447K, capacity 11766K, committed 11904K, reserved 1060864K
  class space    used 1190K, capacity 1286K, committed 1408K, reserved 1048576K
}
Event: 2.341 GC heap after
{Heap after GC invocations=2 (full 0):
 garbage-first heap   total 131072K, used 13840K [0x0000000080000000, 0x0000000100000000)
  region size 1024K, 7 young (7168K), 7 survivors (7168K)
 Metaspace       used 11447K, capacity 11766K, committed 11904K, reserved 1060864K
  class space    used 1190K, capacity 1286K, committed 1408K, reserved 1048576K
}
Event: 4.147 GC heap before
{Heap before GC invocations=2 (full 0):
 garbage-first heap   total 131072K, used 52752K [0x0000000080000000, 0x0000000100000000)
  region size 1024K, 45 young (46080K), 7 survivors (7168K)
 Metaspace       used 19410K, capacity 19890K, committed 20224K, reserved 1067008K
  class space    used 2283K, capacity 2434K, committed 2560K, reserved 1048576K
}
Event: 4.164 GC heap after
{Heap after GC invocations=3 (full 0):
 garbage-first heap   total 131072K, used 16531K [0x0000000080000000, 0x0000000100000000)
  region size 1024K, 3 young (3072K), 3 survivors (3072K)
 Metaspace       used 19410K, capacity 19890K, committed 20224K, reserved 1067008K
  class space    used 2283K, capacity 2434K, committed 2560K, reserved 1048576K
}
Event: 4.384 GC heap before
{Heap before GC invocations=3 (full 0):
 garbage-first heap   total 131072K, used 30867K [0x0000000080000000, 0x0000000100000000)
  region size 1024K, 18 young (18432K), 3 survivors (3072K)
 Metaspace       used 20782K, capacity 21132K, committed 21296K, reserved 1069056K
  class space    used 2510K, capacity 2635K, committed 2688K, reserved 1048576K
}
Event: 4.391 GC heap after
{Heap after GC invocations=4 (full 0):
 garbage-first heap   total 131072K, used 16881K [0x0000000080000000, 0x0000000100000000)
  region size 1024K, 4 young (4096K), 4 survivors (4096K)
 Metaspace       used 20782K, capacity 21132K, committed 21296K, reserved 1069056K
  class space    used 2510K, capacity 2635K, committed 2688K, reserved 1048576K
}
Event: 5.282 GC heap before
{Heap before GC invocations=5 (full 0):
 garbage-first heap   total 131072K, used 67057K [0x0000000080000000, 0x0000000100000000)
  region size 1024K, 53 young (54272K), 4 survivors (4096K)
 Metaspace       used 25776K, capacity 26390K, committed 26620K, reserved 1073152K
  class space    used 3322K, capacity 3566K, committed 3660K, reserved 1048576K
}
Event: 5.290 GC heap after
{Heap after GC invocations=6 (full 0):
 garbage-first heap   total 131072K, used 18672K [0x0000000080000000, 0x0000000100000000)
  region size 1024K, 5 young (5120K), 5 survivors (5120K)
 Metaspace       used 25776K, capacity 26390K, committed 26620K, reserved 1073152K
  class space    used 3322K, capacity 3566K, committed 3660K, reserved 1048576K
}
Event: 6.764 GC heap before
{Heap before GC invocations=6 (full 0):
 garbage-first heap   total 131072K, used 101616K [0x0000000080000000, 0x0000000100000000)
  region size 1024K, 59 young (60416K), 5 survivors (5120K)
 Metaspace       used 30710K, capacity 31584K, committed 31740K, reserved 1077248K
  class space    used 4092K, capacity 4424K, committed 4428K, reserved 1048576K
}
Event: 6.778 GC heap after
{Heap after GC invocations=7 (full 0):
 garbage-first heap   total 131072K, used 52653K [0x0000000080000000, 0x0000000100000000)
  region size 1024K, 8 young (8192K), 8 survivors (8192K)
 Metaspace       used 30710K, capacity 31584K, committed 31740K, reserved 1077248K
  class space    used 4092K, capacity 4424K, committed 4428K, reserved 1048576K
}

